Start testing: Apr 09 21:47 EDT
----------------------------------------------------------
1/33 Testing: OrderBookTest.EmptyBookHasNoSides
1/33 Test: OrderBookTest.EmptyBookHasNoSides
Command: "/Users/upendrakanda/dev/cpp/src/orderbook/build/orderbook_tests" "--gtest_filter=OrderBookTest.EmptyBookHasNoSides" "--gtest_also_run_disabled_tests"
Directory: /Users/upendrakanda/dev/cpp/src/orderbook/build
"OrderBookTest.EmptyBookHasNoSides" start time: Apr 09 21:47 EDT
Output:
----------------------------------------------------------
Running main() from /Users/upendrakanda/dev/cpp/src/orderbook/build/_deps/googletest-src/googletest/src/gtest_main.cc
Note: Google Test filter = OrderBookTest.EmptyBookHasNoSides
[==========] Running 1 test from 1 test suite.
[----------] Global test environment set-up.
[----------] 1 test from OrderBookTest
[ RUN      ] OrderBookTest.EmptyBookHasNoSides
[       OK ] OrderBookTest.EmptyBookHasNoSides (0 ms)
[----------] 1 test from OrderBookTest (0 ms total)

[----------] Global test environment tear-down
[==========] 1 test from 1 test suite ran. (0 ms total)
[  PASSED  ] 1 test.
<end of output>
Test time =   0.00 sec
----------------------------------------------------------
Test Passed.
"OrderBookTest.EmptyBookHasNoSides" end time: Apr 09 21:47 EDT
"OrderBookTest.EmptyBookHasNoSides" time elapsed: 00:00:00
----------------------------------------------------------

2/33 Testing: OrderBookTest.SingleBidRests
2/33 Test: OrderBookTest.SingleBidRests
Command: "/Users/upendrakanda/dev/cpp/src/orderbook/build/orderbook_tests" "--gtest_filter=OrderBookTest.SingleBidRests" "--gtest_also_run_disabled_tests"
Directory: /Users/upendrakanda/dev/cpp/src/orderbook/build
"OrderBookTest.SingleBidRests" start time: Apr 09 21:47 EDT
Output:
----------------------------------------------------------
Running main() from /Users/upendrakanda/dev/cpp/src/orderbook/build/_deps/googletest-src/googletest/src/gtest_main.cc
Note: Google Test filter = OrderBookTest.SingleBidRests
[==========] Running 1 test from 1 test suite.
[----------] Global test environment set-up.
[----------] 1 test from OrderBookTest
[ RUN      ] OrderBookTest.SingleBidRests
[       OK ] OrderBookTest.SingleBidRests (0 ms)
[----------] 1 test from OrderBookTest (0 ms total)

[----------] Global test environment tear-down
[==========] 1 test from 1 test suite ran. (0 ms total)
[  PASSED  ] 1 test.
<end of output>
Test time =   0.00 sec
----------------------------------------------------------
Test Passed.
"OrderBookTest.SingleBidRests" end time: Apr 09 21:47 EDT
"OrderBookTest.SingleBidRests" time elapsed: 00:00:00
----------------------------------------------------------

3/33 Testing: OrderBookTest.SingleAskRests
3/33 Test: OrderBookTest.SingleAskRests
Command: "/Users/upendrakanda/dev/cpp/src/orderbook/build/orderbook_tests" "--gtest_filter=OrderBookTest.SingleAskRests" "--gtest_also_run_disabled_tests"
Directory: /Users/upendrakanda/dev/cpp/src/orderbook/build
"OrderBookTest.SingleAskRests" start time: Apr 09 21:47 EDT
Output:
----------------------------------------------------------
Running main() from /Users/upendrakanda/dev/cpp/src/orderbook/build/_deps/googletest-src/googletest/src/gtest_main.cc
Note: Google Test filter = OrderBookTest.SingleAskRests
[==========] Running 1 test from 1 test suite.
[----------] Global test environment set-up.
[----------] 1 test from OrderBookTest
[ RUN      ] OrderBookTest.SingleAskRests
[       OK ] OrderBookTest.SingleAskRests (0 ms)
[----------] 1 test from OrderBookTest (0 ms total)

[----------] Global test environment tear-down
[==========] 1 test from 1 test suite ran. (0 ms total)
[  PASSED  ] 1 test.
<end of output>
Test time =   0.00 sec
----------------------------------------------------------
Test Passed.
"OrderBookTest.SingleAskRests" end time: Apr 09 21:47 EDT
"OrderBookTest.SingleAskRests" time elapsed: 00:00:00
----------------------------------------------------------

4/33 Testing: OrderBookTest.SpreadComputedCorrectly
4/33 Test: OrderBookTest.SpreadComputedCorrectly
Command: "/Users/upendrakanda/dev/cpp/src/orderbook/build/orderbook_tests" "--gtest_filter=OrderBookTest.SpreadComputedCorrectly" "--gtest_also_run_disabled_tests"
Directory: /Users/upendrakanda/dev/cpp/src/orderbook/build
"OrderBookTest.SpreadComputedCorrectly" start time: Apr 09 21:47 EDT
Output:
----------------------------------------------------------
Running main() from /Users/upendrakanda/dev/cpp/src/orderbook/build/_deps/googletest-src/googletest/src/gtest_main.cc
Note: Google Test filter = OrderBookTest.SpreadComputedCorrectly
[==========] Running 1 test from 1 test suite.
[----------] Global test environment set-up.
[----------] 1 test from OrderBookTest
[ RUN      ] OrderBookTest.SpreadComputedCorrectly
[       OK ] OrderBookTest.SpreadComputedCorrectly (0 ms)
[----------] 1 test from OrderBookTest (0 ms total)

[----------] Global test environment tear-down
[==========] 1 test from 1 test suite ran. (0 ms total)
[  PASSED  ] 1 test.
<end of output>
Test time =   0.00 sec
----------------------------------------------------------
Test Passed.
"OrderBookTest.SpreadComputedCorrectly" end time: Apr 09 21:47 EDT
"OrderBookTest.SpreadComputedCorrectly" time elapsed: 00:00:00
----------------------------------------------------------

5/33 Testing: OrderBookTest.BidLevelsSortedDescending
5/33 Test: OrderBookTest.BidLevelsSortedDescending
Command: "/Users/upendrakanda/dev/cpp/src/orderbook/build/orderbook_tests" "--gtest_filter=OrderBookTest.BidLevelsSortedDescending" "--gtest_also_run_disabled_tests"
Directory: /Users/upendrakanda/dev/cpp/src/orderbook/build
"OrderBookTest.BidLevelsSortedDescending" start time: Apr 09 21:47 EDT
Output:
----------------------------------------------------------
Running main() from /Users/upendrakanda/dev/cpp/src/orderbook/build/_deps/googletest-src/googletest/src/gtest_main.cc
Note: Google Test filter = OrderBookTest.BidLevelsSortedDescending
[==========] Running 1 test from 1 test suite.
[----------] Global test environment set-up.
[----------] 1 test from OrderBookTest
[ RUN      ] OrderBookTest.BidLevelsSortedDescending
[       OK ] OrderBookTest.BidLevelsSortedDescending (0 ms)
[----------] 1 test from OrderBookTest (0 ms total)

[----------] Global test environment tear-down
[==========] 1 test from 1 test suite ran. (0 ms total)
[  PASSED  ] 1 test.
<end of output>
Test time =   0.00 sec
----------------------------------------------------------
Test Passed.
"OrderBookTest.BidLevelsSortedDescending" end time: Apr 09 21:47 EDT
"OrderBookTest.BidLevelsSortedDescending" time elapsed: 00:00:00
----------------------------------------------------------

6/33 Testing: OrderBookTest.AskLevelsSortedAscending
6/33 Test: OrderBookTest.AskLevelsSortedAscending
Command: "/Users/upendrakanda/dev/cpp/src/orderbook/build/orderbook_tests" "--gtest_filter=OrderBookTest.AskLevelsSortedAscending" "--gtest_also_run_disabled_tests"
Directory: /Users/upendrakanda/dev/cpp/src/orderbook/build
"OrderBookTest.AskLevelsSortedAscending" start time: Apr 09 21:47 EDT
Output:
----------------------------------------------------------
Running main() from /Users/upendrakanda/dev/cpp/src/orderbook/build/_deps/googletest-src/googletest/src/gtest_main.cc
Note: Google Test filter = OrderBookTest.AskLevelsSortedAscending
[==========] Running 1 test from 1 test suite.
[----------] Global test environment set-up.
[----------] 1 test from OrderBookTest
[ RUN      ] OrderBookTest.AskLevelsSortedAscending
[       OK ] OrderBookTest.AskLevelsSortedAscending (0 ms)
[----------] 1 test from OrderBookTest (0 ms total)

[----------] Global test environment tear-down
[==========] 1 test from 1 test suite ran. (0 ms total)
[  PASSED  ] 1 test.
<end of output>
Test time =   0.00 sec
----------------------------------------------------------
Test Passed.
"OrderBookTest.AskLevelsSortedAscending" end time: Apr 09 21:47 EDT
"OrderBookTest.AskLevelsSortedAscending" time elapsed: 00:00:00
----------------------------------------------------------

7/33 Testing: OrderBookTest.BidFullyMatchesSingleAsk
7/33 Test: OrderBookTest.BidFullyMatchesSingleAsk
Command: "/Users/upendrakanda/dev/cpp/src/orderbook/build/orderbook_tests" "--gtest_filter=OrderBookTest.BidFullyMatchesSingleAsk" "--gtest_also_run_disabled_tests"
Directory: /Users/upendrakanda/dev/cpp/src/orderbook/build
"OrderBookTest.BidFullyMatchesSingleAsk" start time: Apr 09 21:47 EDT
Output:
----------------------------------------------------------
Running main() from /Users/upendrakanda/dev/cpp/src/orderbook/build/_deps/googletest-src/googletest/src/gtest_main.cc
Note: Google Test filter = OrderBookTest.BidFullyMatchesSingleAsk
[==========] Running 1 test from 1 test suite.
[----------] Global test environment set-up.
[----------] 1 test from OrderBookTest
[ RUN      ] OrderBookTest.BidFullyMatchesSingleAsk
[       OK ] OrderBookTest.BidFullyMatchesSingleAsk (0 ms)
[----------] 1 test from OrderBookTest (0 ms total)

[----------] Global test environment tear-down
[==========] 1 test from 1 test suite ran. (0 ms total)
[  PASSED  ] 1 test.
<end of output>
Test time =   0.00 sec
----------------------------------------------------------
Test Passed.
"OrderBookTest.BidFullyMatchesSingleAsk" end time: Apr 09 21:47 EDT
"OrderBookTest.BidFullyMatchesSingleAsk" time elapsed: 00:00:00
----------------------------------------------------------

8/33 Testing: OrderBookTest.AskFullyMatchesSingleBid
8/33 Test: OrderBookTest.AskFullyMatchesSingleBid
Command: "/Users/upendrakanda/dev/cpp/src/orderbook/build/orderbook_tests" "--gtest_filter=OrderBookTest.AskFullyMatchesSingleBid" "--gtest_also_run_disabled_tests"
Directory: /Users/upendrakanda/dev/cpp/src/orderbook/build
"OrderBookTest.AskFullyMatchesSingleBid" start time: Apr 09 21:47 EDT
Output:
----------------------------------------------------------
Running main() from /Users/upendrakanda/dev/cpp/src/orderbook/build/_deps/googletest-src/googletest/src/gtest_main.cc
Note: Google Test filter = OrderBookTest.AskFullyMatchesSingleBid
[==========] Running 1 test from 1 test suite.
[----------] Global test environment set-up.
[----------] 1 test from OrderBookTest
[ RUN      ] OrderBookTest.AskFullyMatchesSingleBid
[       OK ] OrderBookTest.AskFullyMatchesSingleBid (0 ms)
[----------] 1 test from OrderBookTest (0 ms total)

[----------] Global test environment tear-down
[==========] 1 test from 1 test suite ran. (0 ms total)
[  PASSED  ] 1 test.
<end of output>
Test time =   0.00 sec
----------------------------------------------------------
Test Passed.
"OrderBookTest.AskFullyMatchesSingleBid" end time: Apr 09 21:47 EDT
"OrderBookTest.AskFullyMatchesSingleBid" time elapsed: 00:00:00
----------------------------------------------------------

9/33 Testing: OrderBookTest.IncomingBidPartiallyFilled_RemainderRests
9/33 Test: OrderBookTest.IncomingBidPartiallyFilled_RemainderRests
Command: "/Users/upendrakanda/dev/cpp/src/orderbook/build/orderbook_tests" "--gtest_filter=OrderBookTest.IncomingBidPartiallyFilled_RemainderRests" "--gtest_also_run_disabled_tests"
Directory: /Users/upendrakanda/dev/cpp/src/orderbook/build
"OrderBookTest.IncomingBidPartiallyFilled_RemainderRests" start time: Apr 09 21:47 EDT
Output:
----------------------------------------------------------
Running main() from /Users/upendrakanda/dev/cpp/src/orderbook/build/_deps/googletest-src/googletest/src/gtest_main.cc
Note: Google Test filter = OrderBookTest.IncomingBidPartiallyFilled_RemainderRests
[==========] Running 1 test from 1 test suite.
[----------] Global test environment set-up.
[----------] 1 test from OrderBookTest
[ RUN      ] OrderBookTest.IncomingBidPartiallyFilled_RemainderRests
[       OK ] OrderBookTest.IncomingBidPartiallyFilled_RemainderRests (0 ms)
[----------] 1 test from OrderBookTest (0 ms total)

[----------] Global test environment tear-down
[==========] 1 test from 1 test suite ran. (0 ms total)
[  PASSED  ] 1 test.
<end of output>
Test time =   0.00 sec
----------------------------------------------------------
Test Passed.
"OrderBookTest.IncomingBidPartiallyFilled_RemainderRests" end time: Apr 09 21:47 EDT
"OrderBookTest.IncomingBidPartiallyFilled_RemainderRests" time elapsed: 00:00:00
----------------------------------------------------------

10/33 Testing: OrderBookTest.IncomingBidPartiallyFillsRestingAsk
10/33 Test: OrderBookTest.IncomingBidPartiallyFillsRestingAsk
Command: "/Users/upendrakanda/dev/cpp/src/orderbook/build/orderbook_tests" "--gtest_filter=OrderBookTest.IncomingBidPartiallyFillsRestingAsk" "--gtest_also_run_disabled_tests"
Directory: /Users/upendrakanda/dev/cpp/src/orderbook/build
"OrderBookTest.IncomingBidPartiallyFillsRestingAsk" start time: Apr 09 21:47 EDT
Output:
----------------------------------------------------------
Running main() from /Users/upendrakanda/dev/cpp/src/orderbook/build/_deps/googletest-src/googletest/src/gtest_main.cc
Note: Google Test filter = OrderBookTest.IncomingBidPartiallyFillsRestingAsk
[==========] Running 1 test from 1 test suite.
[----------] Global test environment set-up.
[----------] 1 test from OrderBookTest
[ RUN      ] OrderBookTest.IncomingBidPartiallyFillsRestingAsk
[       OK ] OrderBookTest.IncomingBidPartiallyFillsRestingAsk (0 ms)
[----------] 1 test from OrderBookTest (0 ms total)

[----------] Global test environment tear-down
[==========] 1 test from 1 test suite ran. (0 ms total)
[  PASSED  ] 1 test.
<end of output>
Test time =   0.00 sec
----------------------------------------------------------
Test Passed.
"OrderBookTest.IncomingBidPartiallyFillsRestingAsk" end time: Apr 09 21:47 EDT
"OrderBookTest.IncomingBidPartiallyFillsRestingAsk" time elapsed: 00:00:00
----------------------------------------------------------

11/33 Testing: OrderBookTest.BidSweepsMultipleAskLevels
11/33 Test: OrderBookTest.BidSweepsMultipleAskLevels
Command: "/Users/upendrakanda/dev/cpp/src/orderbook/build/orderbook_tests" "--gtest_filter=OrderBookTest.BidSweepsMultipleAskLevels" "--gtest_also_run_disabled_tests"
Directory: /Users/upendrakanda/dev/cpp/src/orderbook/build
"OrderBookTest.BidSweepsMultipleAskLevels" start time: Apr 09 21:47 EDT
Output:
----------------------------------------------------------
Running main() from /Users/upendrakanda/dev/cpp/src/orderbook/build/_deps/googletest-src/googletest/src/gtest_main.cc
Note: Google Test filter = OrderBookTest.BidSweepsMultipleAskLevels
[==========] Running 1 test from 1 test suite.
[----------] Global test environment set-up.
[----------] 1 test from OrderBookTest
[ RUN      ] OrderBookTest.BidSweepsMultipleAskLevels
[       OK ] OrderBookTest.BidSweepsMultipleAskLevels (0 ms)
[----------] 1 test from OrderBookTest (0 ms total)

[----------] Global test environment tear-down
[==========] 1 test from 1 test suite ran. (0 ms total)
[  PASSED  ] 1 test.
<end of output>
Test time =   0.00 sec
----------------------------------------------------------
Test Passed.
"OrderBookTest.BidSweepsMultipleAskLevels" end time: Apr 09 21:47 EDT
"OrderBookTest.BidSweepsMultipleAskLevels" time elapsed: 00:00:00
----------------------------------------------------------

12/33 Testing: OrderBookTest.AskSweepsMultipleBidLevels
12/33 Test: OrderBookTest.AskSweepsMultipleBidLevels
Command: "/Users/upendrakanda/dev/cpp/src/orderbook/build/orderbook_tests" "--gtest_filter=OrderBookTest.AskSweepsMultipleBidLevels" "--gtest_also_run_disabled_tests"
Directory: /Users/upendrakanda/dev/cpp/src/orderbook/build
"OrderBookTest.AskSweepsMultipleBidLevels" start time: Apr 09 21:47 EDT
Output:
----------------------------------------------------------
Running main() from /Users/upendrakanda/dev/cpp/src/orderbook/build/_deps/googletest-src/googletest/src/gtest_main.cc
Note: Google Test filter = OrderBookTest.AskSweepsMultipleBidLevels
[==========] Running 1 test from 1 test suite.
[----------] Global test environment set-up.
[----------] 1 test from OrderBookTest
[ RUN      ] OrderBookTest.AskSweepsMultipleBidLevels
[       OK ] OrderBookTest.AskSweepsMultipleBidLevels (0 ms)
[----------] 1 test from OrderBookTest (0 ms total)

[----------] Global test environment tear-down
[==========] 1 test from 1 test suite ran. (0 ms total)
[  PASSED  ] 1 test.
<end of output>
Test time =   0.00 sec
----------------------------------------------------------
Test Passed.
"OrderBookTest.AskSweepsMultipleBidLevels" end time: Apr 09 21:47 EDT
"OrderBookTest.AskSweepsMultipleBidLevels" time elapsed: 00:00:00
----------------------------------------------------------

13/33 Testing: OrderBookTest.FifoWithinLevel
13/33 Test: OrderBookTest.FifoWithinLevel
Command: "/Users/upendrakanda/dev/cpp/src/orderbook/build/orderbook_tests" "--gtest_filter=OrderBookTest.FifoWithinLevel" "--gtest_also_run_disabled_tests"
Directory: /Users/upendrakanda/dev/cpp/src/orderbook/build
"OrderBookTest.FifoWithinLevel" start time: Apr 09 21:47 EDT
Output:
----------------------------------------------------------
Running main() from /Users/upendrakanda/dev/cpp/src/orderbook/build/_deps/googletest-src/googletest/src/gtest_main.cc
Note: Google Test filter = OrderBookTest.FifoWithinLevel
[==========] Running 1 test from 1 test suite.
[----------] Global test environment set-up.
[----------] 1 test from OrderBookTest
[ RUN      ] OrderBookTest.FifoWithinLevel
[       OK ] OrderBookTest.FifoWithinLevel (0 ms)
[----------] 1 test from OrderBookTest (0 ms total)

[----------] Global test environment tear-down
[==========] 1 test from 1 test suite ran. (0 ms total)
[  PASSED  ] 1 test.
<end of output>
Test time =   0.00 sec
----------------------------------------------------------
Test Passed.
"OrderBookTest.FifoWithinLevel" end time: Apr 09 21:47 EDT
"OrderBookTest.FifoWithinLevel" time elapsed: 00:00:00
----------------------------------------------------------

14/33 Testing: OrderBookTest.CancelRestingOrder
14/33 Test: OrderBookTest.CancelRestingOrder
Command: "/Users/upendrakanda/dev/cpp/src/orderbook/build/orderbook_tests" "--gtest_filter=OrderBookTest.CancelRestingOrder" "--gtest_also_run_disabled_tests"
Directory: /Users/upendrakanda/dev/cpp/src/orderbook/build
"OrderBookTest.CancelRestingOrder" start time: Apr 09 21:47 EDT
Output:
----------------------------------------------------------
Running main() from /Users/upendrakanda/dev/cpp/src/orderbook/build/_deps/googletest-src/googletest/src/gtest_main.cc
Note: Google Test filter = OrderBookTest.CancelRestingOrder
[==========] Running 1 test from 1 test suite.
[----------] Global test environment set-up.
[----------] 1 test from OrderBookTest
[ RUN      ] OrderBookTest.CancelRestingOrder
[       OK ] OrderBookTest.CancelRestingOrder (0 ms)
[----------] 1 test from OrderBookTest (0 ms total)

[----------] Global test environment tear-down
[==========] 1 test from 1 test suite ran. (0 ms total)
[  PASSED  ] 1 test.
<end of output>
Test time =   0.00 sec
----------------------------------------------------------
Test Passed.
"OrderBookTest.CancelRestingOrder" end time: Apr 09 21:47 EDT
"OrderBookTest.CancelRestingOrder" time elapsed: 00:00:00
----------------------------------------------------------

15/33 Testing: OrderBookTest.CancelLastOrderAtLevelRemovesLevel
15/33 Test: OrderBookTest.CancelLastOrderAtLevelRemovesLevel
Command: "/Users/upendrakanda/dev/cpp/src/orderbook/build/orderbook_tests" "--gtest_filter=OrderBookTest.CancelLastOrderAtLevelRemovesLevel" "--gtest_also_run_disabled_tests"
Directory: /Users/upendrakanda/dev/cpp/src/orderbook/build
"OrderBookTest.CancelLastOrderAtLevelRemovesLevel" start time: Apr 09 21:47 EDT
Output:
----------------------------------------------------------
Running main() from /Users/upendrakanda/dev/cpp/src/orderbook/build/_deps/googletest-src/googletest/src/gtest_main.cc
Note: Google Test filter = OrderBookTest.CancelLastOrderAtLevelRemovesLevel
[==========] Running 1 test from 1 test suite.
[----------] Global test environment set-up.
[----------] 1 test from OrderBookTest
[ RUN      ] OrderBookTest.CancelLastOrderAtLevelRemovesLevel
[       OK ] OrderBookTest.CancelLastOrderAtLevelRemovesLevel (0 ms)
[----------] 1 test from OrderBookTest (0 ms total)

[----------] Global test environment tear-down
[==========] 1 test from 1 test suite ran. (0 ms total)
[  PASSED  ] 1 test.
<end of output>
Test time =   0.00 sec
----------------------------------------------------------
Test Passed.
"OrderBookTest.CancelLastOrderAtLevelRemovesLevel" end time: Apr 09 21:47 EDT
"OrderBookTest.CancelLastOrderAtLevelRemovesLevel" time elapsed: 00:00:00
----------------------------------------------------------

16/33 Testing: OrderBookTest.CancelNonExistentReturnsFalse
16/33 Test: OrderBookTest.CancelNonExistentReturnsFalse
Command: "/Users/upendrakanda/dev/cpp/src/orderbook/build/orderbook_tests" "--gtest_filter=OrderBookTest.CancelNonExistentReturnsFalse" "--gtest_also_run_disabled_tests"
Directory: /Users/upendrakanda/dev/cpp/src/orderbook/build
"OrderBookTest.CancelNonExistentReturnsFalse" start time: Apr 09 21:47 EDT
Output:
----------------------------------------------------------
Running main() from /Users/upendrakanda/dev/cpp/src/orderbook/build/_deps/googletest-src/googletest/src/gtest_main.cc
Note: Google Test filter = OrderBookTest.CancelNonExistentReturnsFalse
[==========] Running 1 test from 1 test suite.
[----------] Global test environment set-up.
[----------] 1 test from OrderBookTest
[ RUN      ] OrderBookTest.CancelNonExistentReturnsFalse
[       OK ] OrderBookTest.CancelNonExistentReturnsFalse (0 ms)
[----------] 1 test from OrderBookTest (0 ms total)

[----------] Global test environment tear-down
[==========] 1 test from 1 test suite ran. (0 ms total)
[  PASSED  ] 1 test.
<end of output>
Test time =   0.00 sec
----------------------------------------------------------
Test Passed.
"OrderBookTest.CancelNonExistentReturnsFalse" end time: Apr 09 21:47 EDT
"OrderBookTest.CancelNonExistentReturnsFalse" time elapsed: 00:00:00
----------------------------------------------------------

17/33 Testing: OrderBookTest.CancelBestBidUpdatesBestPrice
17/33 Test: OrderBookTest.CancelBestBidUpdatesBestPrice
Command: "/Users/upendrakanda/dev/cpp/src/orderbook/build/orderbook_tests" "--gtest_filter=OrderBookTest.CancelBestBidUpdatesBestPrice" "--gtest_also_run_disabled_tests"
Directory: /Users/upendrakanda/dev/cpp/src/orderbook/build
"OrderBookTest.CancelBestBidUpdatesBestPrice" start time: Apr 09 21:47 EDT
Output:
----------------------------------------------------------
Running main() from /Users/upendrakanda/dev/cpp/src/orderbook/build/_deps/googletest-src/googletest/src/gtest_main.cc
Note: Google Test filter = OrderBookTest.CancelBestBidUpdatesBestPrice
[==========] Running 1 test from 1 test suite.
[----------] Global test environment set-up.
[----------] 1 test from OrderBookTest
[ RUN      ] OrderBookTest.CancelBestBidUpdatesBestPrice
[       OK ] OrderBookTest.CancelBestBidUpdatesBestPrice (0 ms)
[----------] 1 test from OrderBookTest (0 ms total)

[----------] Global test environment tear-down
[==========] 1 test from 1 test suite ran. (0 ms total)
[  PASSED  ] 1 test.
<end of output>
Test time =   0.00 sec
----------------------------------------------------------
Test Passed.
"OrderBookTest.CancelBestBidUpdatesBestPrice" end time: Apr 09 21:47 EDT
"OrderBookTest.CancelBestBidUpdatesBestPrice" time elapsed: 00:00:00
----------------------------------------------------------

18/33 Testing: OrderBookTest.CancelBestAskUpdatesBestPrice
18/33 Test: OrderBookTest.CancelBestAskUpdatesBestPrice
Command: "/Users/upendrakanda/dev/cpp/src/orderbook/build/orderbook_tests" "--gtest_filter=OrderBookTest.CancelBestAskUpdatesBestPrice" "--gtest_also_run_disabled_tests"
Directory: /Users/upendrakanda/dev/cpp/src/orderbook/build
"OrderBookTest.CancelBestAskUpdatesBestPrice" start time: Apr 09 21:47 EDT
Output:
----------------------------------------------------------
Running main() from /Users/upendrakanda/dev/cpp/src/orderbook/build/_deps/googletest-src/googletest/src/gtest_main.cc
Note: Google Test filter = OrderBookTest.CancelBestAskUpdatesBestPrice
[==========] Running 1 test from 1 test suite.
[----------] Global test environment set-up.
[----------] 1 test from OrderBookTest
[ RUN      ] OrderBookTest.CancelBestAskUpdatesBestPrice
[       OK ] OrderBookTest.CancelBestAskUpdatesBestPrice (0 ms)
[----------] 1 test from OrderBookTest (0 ms total)

[----------] Global test environment tear-down
[==========] 1 test from 1 test suite ran. (0 ms total)
[  PASSED  ] 1 test.
<end of output>
Test time =   0.00 sec
----------------------------------------------------------
Test Passed.
"OrderBookTest.CancelBestAskUpdatesBestPrice" end time: Apr 09 21:47 EDT
"OrderBookTest.CancelBestAskUpdatesBestPrice" time elapsed: 00:00:00
----------------------------------------------------------

19/33 Testing: OrderBookTest.ReduceOrder
19/33 Test: OrderBookTest.ReduceOrder
Command: "/Users/upendrakanda/dev/cpp/src/orderbook/build/orderbook_tests" "--gtest_filter=OrderBookTest.ReduceOrder" "--gtest_also_run_disabled_tests"
Directory: /Users/upendrakanda/dev/cpp/src/orderbook/build
"OrderBookTest.ReduceOrder" start time: Apr 09 21:47 EDT
Output:
----------------------------------------------------------
Running main() from /Users/upendrakanda/dev/cpp/src/orderbook/build/_deps/googletest-src/googletest/src/gtest_main.cc
Note: Google Test filter = OrderBookTest.ReduceOrder
[==========] Running 1 test from 1 test suite.
[----------] Global test environment set-up.
[----------] 1 test from OrderBookTest
[ RUN      ] OrderBookTest.ReduceOrder
[       OK ] OrderBookTest.ReduceOrder (0 ms)
[----------] 1 test from OrderBookTest (0 ms total)

[----------] Global test environment tear-down
[==========] 1 test from 1 test suite ran. (0 ms total)
[  PASSED  ] 1 test.
<end of output>
Test time =   0.00 sec
----------------------------------------------------------
Test Passed.
"OrderBookTest.ReduceOrder" end time: Apr 09 21:47 EDT
"OrderBookTest.ReduceOrder" time elapsed: 00:00:00
----------------------------------------------------------

20/33 Testing: OrderBookTest.ReduceToZeroCancels
20/33 Test: OrderBookTest.ReduceToZeroCancels
Command: "/Users/upendrakanda/dev/cpp/src/orderbook/build/orderbook_tests" "--gtest_filter=OrderBookTest.ReduceToZeroCancels" "--gtest_also_run_disabled_tests"
Directory: /Users/upendrakanda/dev/cpp/src/orderbook/build
"OrderBookTest.ReduceToZeroCancels" start time: Apr 09 21:47 EDT
Output:
----------------------------------------------------------
Running main() from /Users/upendrakanda/dev/cpp/src/orderbook/build/_deps/googletest-src/googletest/src/gtest_main.cc
Note: Google Test filter = OrderBookTest.ReduceToZeroCancels
[==========] Running 1 test from 1 test suite.
[----------] Global test environment set-up.
[----------] 1 test from OrderBookTest
[ RUN      ] OrderBookTest.ReduceToZeroCancels
[       OK ] OrderBookTest.ReduceToZeroCancels (0 ms)
[----------] 1 test from OrderBookTest (0 ms total)

[----------] Global test environment tear-down
[==========] 1 test from 1 test suite ran. (0 ms total)
[  PASSED  ] 1 test.
<end of output>
Test time =   0.00 sec
----------------------------------------------------------
Test Passed.
"OrderBookTest.ReduceToZeroCancels" end time: Apr 09 21:47 EDT
"OrderBookTest.ReduceToZeroCancels" time elapsed: 00:00:00
----------------------------------------------------------

21/33 Testing: OrderBookTest.ReduceWithHigherQuantityIgnored
21/33 Test: OrderBookTest.ReduceWithHigherQuantityIgnored
Command: "/Users/upendrakanda/dev/cpp/src/orderbook/build/orderbook_tests" "--gtest_filter=OrderBookTest.ReduceWithHigherQuantityIgnored" "--gtest_also_run_disabled_tests"
Directory: /Users/upendrakanda/dev/cpp/src/orderbook/build
"OrderBookTest.ReduceWithHigherQuantityIgnored" start time: Apr 09 21:47 EDT
Output:
----------------------------------------------------------
Running main() from /Users/upendrakanda/dev/cpp/src/orderbook/build/_deps/googletest-src/googletest/src/gtest_main.cc
Note: Google Test filter = OrderBookTest.ReduceWithHigherQuantityIgnored
[==========] Running 1 test from 1 test suite.
[----------] Global test environment set-up.
[----------] 1 test from OrderBookTest
[ RUN      ] OrderBookTest.ReduceWithHigherQuantityIgnored
[       OK ] OrderBookTest.ReduceWithHigherQuantityIgnored (0 ms)
[----------] 1 test from OrderBookTest (0 ms total)

[----------] Global test environment tear-down
[==========] 1 test from 1 test suite ran. (0 ms total)
[  PASSED  ] 1 test.
<end of output>
Test time =   0.00 sec
----------------------------------------------------------
Test Passed.
"OrderBookTest.ReduceWithHigherQuantityIgnored" end time: Apr 09 21:47 EDT
"OrderBookTest.ReduceWithHigherQuantityIgnored" time elapsed: 00:00:00
----------------------------------------------------------

22/33 Testing: OrderBookTest.ManyBidLevels_BestBidCorrect
22/33 Test: OrderBookTest.ManyBidLevels_BestBidCorrect
Command: "/Users/upendrakanda/dev/cpp/src/orderbook/build/orderbook_tests" "--gtest_filter=OrderBookTest.ManyBidLevels_BestBidCorrect" "--gtest_also_run_disabled_tests"
Directory: /Users/upendrakanda/dev/cpp/src/orderbook/build
"OrderBookTest.ManyBidLevels_BestBidCorrect" start time: Apr 09 21:47 EDT
Output:
----------------------------------------------------------
Running main() from /Users/upendrakanda/dev/cpp/src/orderbook/build/_deps/googletest-src/googletest/src/gtest_main.cc
Note: Google Test filter = OrderBookTest.ManyBidLevels_BestBidCorrect
[==========] Running 1 test from 1 test suite.
[----------] Global test environment set-up.
[----------] 1 test from OrderBookTest
[ RUN      ] OrderBookTest.ManyBidLevels_BestBidCorrect
[       OK ] OrderBookTest.ManyBidLevels_BestBidCorrect (0 ms)
[----------] 1 test from OrderBookTest (0 ms total)

[----------] Global test environment tear-down
[==========] 1 test from 1 test suite ran. (0 ms total)
[  PASSED  ] 1 test.
<end of output>
Test time =   0.00 sec
----------------------------------------------------------
Test Passed.
"OrderBookTest.ManyBidLevels_BestBidCorrect" end time: Apr 09 21:47 EDT
"OrderBookTest.ManyBidLevels_BestBidCorrect" time elapsed: 00:00:00
----------------------------------------------------------

23/33 Testing: OrderBookTest.ManyAskLevels_BestAskCorrect
23/33 Test: OrderBookTest.ManyAskLevels_BestAskCorrect
Command: "/Users/upendrakanda/dev/cpp/src/orderbook/build/orderbook_tests" "--gtest_filter=OrderBookTest.ManyAskLevels_BestAskCorrect" "--gtest_also_run_disabled_tests"
Directory: /Users/upendrakanda/dev/cpp/src/orderbook/build
"OrderBookTest.ManyAskLevels_BestAskCorrect" start time: Apr 09 21:47 EDT
Output:
----------------------------------------------------------
Running main() from /Users/upendrakanda/dev/cpp/src/orderbook/build/_deps/googletest-src/googletest/src/gtest_main.cc
Note: Google Test filter = OrderBookTest.ManyAskLevels_BestAskCorrect
[==========] Running 1 test from 1 test suite.
[----------] Global test environment set-up.
[----------] 1 test from OrderBookTest
[ RUN      ] OrderBookTest.ManyAskLevels_BestAskCorrect
[       OK ] OrderBookTest.ManyAskLevels_BestAskCorrect (0 ms)
[----------] 1 test from OrderBookTest (0 ms total)

[----------] Global test environment tear-down
[==========] 1 test from 1 test suite ran. (0 ms total)
[  PASSED  ] 1 test.
<end of output>
Test time =   0.00 sec
----------------------------------------------------------
Test Passed.
"OrderBookTest.ManyAskLevels_BestAskCorrect" end time: Apr 09 21:47 EDT
"OrderBookTest.ManyAskLevels_BestAskCorrect" time elapsed: 00:00:00
----------------------------------------------------------

24/33 Testing: OrderBookTest.ManyLevels_SweepAll
24/33 Test: OrderBookTest.ManyLevels_SweepAll
Command: "/Users/upendrakanda/dev/cpp/src/orderbook/build/orderbook_tests" "--gtest_filter=OrderBookTest.ManyLevels_SweepAll" "--gtest_also_run_disabled_tests"
Directory: /Users/upendrakanda/dev/cpp/src/orderbook/build
"OrderBookTest.ManyLevels_SweepAll" start time: Apr 09 21:47 EDT
Output:
----------------------------------------------------------
Running main() from /Users/upendrakanda/dev/cpp/src/orderbook/build/_deps/googletest-src/googletest/src/gtest_main.cc
Note: Google Test filter = OrderBookTest.ManyLevels_SweepAll
[==========] Running 1 test from 1 test suite.
[----------] Global test environment set-up.
[----------] 1 test from OrderBookTest
[ RUN      ] OrderBookTest.ManyLevels_SweepAll
[       OK ] OrderBookTest.ManyLevels_SweepAll (0 ms)
[----------] 1 test from OrderBookTest (0 ms total)

[----------] Global test environment tear-down
[==========] 1 test from 1 test suite ran. (0 ms total)
[  PASSED  ] 1 test.
<end of output>
Test time =   0.00 sec
----------------------------------------------------------
Test Passed.
"OrderBookTest.ManyLevels_SweepAll" end time: Apr 09 21:47 EDT
"OrderBookTest.ManyLevels_SweepAll" time elapsed: 00:00:00
----------------------------------------------------------

25/33 Testing: OrderBookTest.ManyLevels_CancelBestRepeatedly
25/33 Test: OrderBookTest.ManyLevels_CancelBestRepeatedly
Command: "/Users/upendrakanda/dev/cpp/src/orderbook/build/orderbook_tests" "--gtest_filter=OrderBookTest.ManyLevels_CancelBestRepeatedly" "--gtest_also_run_disabled_tests"
Directory: /Users/upendrakanda/dev/cpp/src/orderbook/build
"OrderBookTest.ManyLevels_CancelBestRepeatedly" start time: Apr 09 21:47 EDT
Output:
----------------------------------------------------------
Running main() from /Users/upendrakanda/dev/cpp/src/orderbook/build/_deps/googletest-src/googletest/src/gtest_main.cc
Note: Google Test filter = OrderBookTest.ManyLevels_CancelBestRepeatedly
[==========] Running 1 test from 1 test suite.
[----------] Global test environment set-up.
[----------] 1 test from OrderBookTest
[ RUN      ] OrderBookTest.ManyLevels_CancelBestRepeatedly
[       OK ] OrderBookTest.ManyLevels_CancelBestRepeatedly (0 ms)
[----------] 1 test from OrderBookTest (0 ms total)

[----------] Global test environment tear-down
[==========] 1 test from 1 test suite ran. (0 ms total)
[  PASSED  ] 1 test.
<end of output>
Test time =   0.00 sec
----------------------------------------------------------
Test Passed.
"OrderBookTest.ManyLevels_CancelBestRepeatedly" end time: Apr 09 21:47 EDT
"OrderBookTest.ManyLevels_CancelBestRepeatedly" time elapsed: 00:00:00
----------------------------------------------------------

26/33 Testing: OrderBookTest.PoolSlotRecycling
26/33 Test: OrderBookTest.PoolSlotRecycling
Command: "/Users/upendrakanda/dev/cpp/src/orderbook/build/orderbook_tests" "--gtest_filter=OrderBookTest.PoolSlotRecycling" "--gtest_also_run_disabled_tests"
Directory: /Users/upendrakanda/dev/cpp/src/orderbook/build
"OrderBookTest.PoolSlotRecycling" start time: Apr 09 21:47 EDT
Output:
----------------------------------------------------------
Running main() from /Users/upendrakanda/dev/cpp/src/orderbook/build/_deps/googletest-src/googletest/src/gtest_main.cc
Note: Google Test filter = OrderBookTest.PoolSlotRecycling
[==========] Running 1 test from 1 test suite.
[----------] Global test environment set-up.
[----------] 1 test from OrderBookTest
[ RUN      ] OrderBookTest.PoolSlotRecycling
[       OK ] OrderBookTest.PoolSlotRecycling (0 ms)
[----------] 1 test from OrderBookTest (0 ms total)

[----------] Global test environment tear-down
[==========] 1 test from 1 test suite ran. (0 ms total)
[  PASSED  ] 1 test.
<end of output>
Test time =   0.00 sec
----------------------------------------------------------
Test Passed.
"OrderBookTest.PoolSlotRecycling" end time: Apr 09 21:47 EDT
"OrderBookTest.PoolSlotRecycling" time elapsed: 00:00:00
----------------------------------------------------------

27/33 Testing: OrderBookTest.MatchingRecyclesSlots
27/33 Test: OrderBookTest.MatchingRecyclesSlots
Command: "/Users/upendrakanda/dev/cpp/src/orderbook/build/orderbook_tests" "--gtest_filter=OrderBookTest.MatchingRecyclesSlots" "--gtest_also_run_disabled_tests"
Directory: /Users/upendrakanda/dev/cpp/src/orderbook/build
"OrderBookTest.MatchingRecyclesSlots" start time: Apr 09 21:47 EDT
Output:
----------------------------------------------------------
Running main() from /Users/upendrakanda/dev/cpp/src/orderbook/build/_deps/googletest-src/googletest/src/gtest_main.cc
Note: Google Test filter = OrderBookTest.MatchingRecyclesSlots
[==========] Running 1 test from 1 test suite.
[----------] Global test environment set-up.
[----------] 1 test from OrderBookTest
[ RUN      ] OrderBookTest.MatchingRecyclesSlots
[       OK ] OrderBookTest.MatchingRecyclesSlots (0 ms)
[----------] 1 test from OrderBookTest (0 ms total)

[----------] Global test environment tear-down
[==========] 1 test from 1 test suite ran. (0 ms total)
[  PASSED  ] 1 test.
<end of output>
Test time =   0.00 sec
----------------------------------------------------------
Test Passed.
"OrderBookTest.MatchingRecyclesSlots" end time: Apr 09 21:47 EDT
"OrderBookTest.MatchingRecyclesSlots" time elapsed: 00:00:00
----------------------------------------------------------

28/33 Testing: LongIntHashMapTest.PutGetRemove
28/33 Test: LongIntHashMapTest.PutGetRemove
Command: "/Users/upendrakanda/dev/cpp/src/orderbook/build/orderbook_tests" "--gtest_filter=LongIntHashMapTest.PutGetRemove" "--gtest_also_run_disabled_tests"
Directory: /Users/upendrakanda/dev/cpp/src/orderbook/build
"LongIntHashMapTest.PutGetRemove" start time: Apr 09 21:47 EDT
Output:
----------------------------------------------------------
Running main() from /Users/upendrakanda/dev/cpp/src/orderbook/build/_deps/googletest-src/googletest/src/gtest_main.cc
Note: Google Test filter = LongIntHashMapTest.PutGetRemove
[==========] Running 1 test from 1 test suite.
[----------] Global test environment set-up.
[----------] 1 test from LongIntHashMapTest
[ RUN      ] LongIntHashMapTest.PutGetRemove
[       OK ] LongIntHashMapTest.PutGetRemove (0 ms)
[----------] 1 test from LongIntHashMapTest (0 ms total)

[----------] Global test environment tear-down
[==========] 1 test from 1 test suite ran. (0 ms total)
[  PASSED  ] 1 test.
<end of output>
Test time =   0.00 sec
----------------------------------------------------------
Test Passed.
"LongIntHashMapTest.PutGetRemove" end time: Apr 09 21:47 EDT
"LongIntHashMapTest.PutGetRemove" time elapsed: 00:00:00
----------------------------------------------------------

29/33 Testing: LongIntHashMapTest.UpdateExistingKey
29/33 Test: LongIntHashMapTest.UpdateExistingKey
Command: "/Users/upendrakanda/dev/cpp/src/orderbook/build/orderbook_tests" "--gtest_filter=LongIntHashMapTest.UpdateExistingKey" "--gtest_also_run_disabled_tests"
Directory: /Users/upendrakanda/dev/cpp/src/orderbook/build
"LongIntHashMapTest.UpdateExistingKey" start time: Apr 09 21:47 EDT
Output:
----------------------------------------------------------
Running main() from /Users/upendrakanda/dev/cpp/src/orderbook/build/_deps/googletest-src/googletest/src/gtest_main.cc
Note: Google Test filter = LongIntHashMapTest.UpdateExistingKey
[==========] Running 1 test from 1 test suite.
[----------] Global test environment set-up.
[----------] 1 test from LongIntHashMapTest
[ RUN      ] LongIntHashMapTest.UpdateExistingKey
[       OK ] LongIntHashMapTest.UpdateExistingKey (0 ms)
[----------] 1 test from LongIntHashMapTest (0 ms total)

[----------] Global test environment tear-down
[==========] 1 test from 1 test suite ran. (0 ms total)
[  PASSED  ] 1 test.
<end of output>
Test time =   0.00 sec
----------------------------------------------------------
Test Passed.
"LongIntHashMapTest.UpdateExistingKey" end time: Apr 09 21:47 EDT
"LongIntHashMapTest.UpdateExistingKey" time elapsed: 00:00:00
----------------------------------------------------------

30/33 Testing: LongIntHashMapTest.TombstonesWorkAfterRemove
30/33 Test: LongIntHashMapTest.TombstonesWorkAfterRemove
Command: "/Users/upendrakanda/dev/cpp/src/orderbook/build/orderbook_tests" "--gtest_filter=LongIntHashMapTest.TombstonesWorkAfterRemove" "--gtest_also_run_disabled_tests"
Directory: /Users/upendrakanda/dev/cpp/src/orderbook/build
"LongIntHashMapTest.TombstonesWorkAfterRemove" start time: Apr 09 21:47 EDT
Output:
----------------------------------------------------------
Running main() from /Users/upendrakanda/dev/cpp/src/orderbook/build/_deps/googletest-src/googletest/src/gtest_main.cc
Note: Google Test filter = LongIntHashMapTest.TombstonesWorkAfterRemove
[==========] Running 1 test from 1 test suite.
[----------] Global test environment set-up.
[----------] 1 test from LongIntHashMapTest
[ RUN      ] LongIntHashMapTest.TombstonesWorkAfterRemove
[       OK ] LongIntHashMapTest.TombstonesWorkAfterRemove (0 ms)
[----------] 1 test from LongIntHashMapTest (0 ms total)

[----------] Global test environment tear-down
[==========] 1 test from 1 test suite ran. (0 ms total)
[  PASSED  ] 1 test.
<end of output>
Test time =   0.00 sec
----------------------------------------------------------
Test Passed.
"LongIntHashMapTest.TombstonesWorkAfterRemove" end time: Apr 09 21:47 EDT
"LongIntHashMapTest.TombstonesWorkAfterRemove" time elapsed: 00:00:00
----------------------------------------------------------

31/33 Testing: PriceLevelTreeTest.InsertAndMinMax
31/33 Test: PriceLevelTreeTest.InsertAndMinMax
Command: "/Users/upendrakanda/dev/cpp/src/orderbook/build/orderbook_tests" "--gtest_filter=PriceLevelTreeTest.InsertAndMinMax" "--gtest_also_run_disabled_tests"
Directory: /Users/upendrakanda/dev/cpp/src/orderbook/build
"PriceLevelTreeTest.InsertAndMinMax" start time: Apr 09 21:47 EDT
Output:
----------------------------------------------------------
Running main() from /Users/upendrakanda/dev/cpp/src/orderbook/build/_deps/googletest-src/googletest/src/gtest_main.cc
Note: Google Test filter = PriceLevelTreeTest.InsertAndMinMax
[==========] Running 1 test from 1 test suite.
[----------] Global test environment set-up.
[----------] 1 test from PriceLevelTreeTest
[ RUN      ] PriceLevelTreeTest.InsertAndMinMax
[       OK ] PriceLevelTreeTest.InsertAndMinMax (0 ms)
[----------] 1 test from PriceLevelTreeTest (0 ms total)

[----------] Global test environment tear-down
[==========] 1 test from 1 test suite ran. (0 ms total)
[  PASSED  ] 1 test.
<end of output>
Test time =   0.00 sec
----------------------------------------------------------
Test Passed.
"PriceLevelTreeTest.InsertAndMinMax" end time: Apr 09 21:47 EDT
"PriceLevelTreeTest.InsertAndMinMax" time elapsed: 00:00:00
----------------------------------------------------------

32/33 Testing: PriceLevelTreeTest.SuccessorAndPredecessor
32/33 Test: PriceLevelTreeTest.SuccessorAndPredecessor
Command: "/Users/upendrakanda/dev/cpp/src/orderbook/build/orderbook_tests" "--gtest_filter=PriceLevelTreeTest.SuccessorAndPredecessor" "--gtest_also_run_disabled_tests"
Directory: /Users/upendrakanda/dev/cpp/src/orderbook/build
"PriceLevelTreeTest.SuccessorAndPredecessor" start time: Apr 09 21:47 EDT
Output:
----------------------------------------------------------
Running main() from /Users/upendrakanda/dev/cpp/src/orderbook/build/_deps/googletest-src/googletest/src/gtest_main.cc
Note: Google Test filter = PriceLevelTreeTest.SuccessorAndPredecessor
[==========] Running 1 test from 1 test suite.
[----------] Global test environment set-up.
[----------] 1 test from PriceLevelTreeTest
[ RUN      ] PriceLevelTreeTest.SuccessorAndPredecessor
[       OK ] PriceLevelTreeTest.SuccessorAndPredecessor (0 ms)
[----------] 1 test from PriceLevelTreeTest (0 ms total)

[----------] Global test environment tear-down
[==========] 1 test from 1 test suite ran. (0 ms total)
[  PASSED  ] 1 test.
<end of output>
Test time =   0.00 sec
----------------------------------------------------------
Test Passed.
"PriceLevelTreeTest.SuccessorAndPredecessor" end time: Apr 09 21:47 EDT
"PriceLevelTreeTest.SuccessorAndPredecessor" time elapsed: 00:00:00
----------------------------------------------------------

33/33 Testing: PriceLevelTreeTest.DeleteAndReinsert
33/33 Test: PriceLevelTreeTest.DeleteAndReinsert
Command: "/Users/upendrakanda/dev/cpp/src/orderbook/build/orderbook_tests" "--gtest_filter=PriceLevelTreeTest.DeleteAndReinsert" "--gtest_also_run_disabled_tests"
Directory: /Users/upendrakanda/dev/cpp/src/orderbook/build
"PriceLevelTreeTest.DeleteAndReinsert" start time: Apr 09 21:47 EDT
Output:
----------------------------------------------------------
Running main() from /Users/upendrakanda/dev/cpp/src/orderbook/build/_deps/googletest-src/googletest/src/gtest_main.cc
Note: Google Test filter = PriceLevelTreeTest.DeleteAndReinsert
[==========] Running 1 test from 1 test suite.
[----------] Global test environment set-up.
[----------] 1 test from PriceLevelTreeTest
[ RUN      ] PriceLevelTreeTest.DeleteAndReinsert
[       OK ] PriceLevelTreeTest.DeleteAndReinsert (0 ms)
[----------] 1 test from PriceLevelTreeTest (0 ms total)

[----------] Global test environment tear-down
[==========] 1 test from 1 test suite ran. (0 ms total)
[  PASSED  ] 1 test.
<end of output>
Test time =   0.00 sec
----------------------------------------------------------
Test Passed.
"PriceLevelTreeTest.DeleteAndReinsert" end time: Apr 09 21:47 EDT
"PriceLevelTreeTest.DeleteAndReinsert" time elapsed: 00:00:00
----------------------------------------------------------

End testing: Apr 09 21:47 EDT
